<?xml version="1.0" encoding="UTF-8"?>
<coverage generated="1481732444536" clover="3.2.0">
  <project timestamp="1481732444536" name="All files">
    <metrics statements="8" coveredstatements="6" conditionals="0" coveredconditionals="0" methods="6" coveredmethods="5" elements="14" coveredelements="11" complexity="0" loc="8" ncloc="8" packages="1" files="5" classes="5">
      <file name="About.js" path="/Users/m.jakic/udemy/react-playground/src/About.js">
        <metrics statements="1" coveredstatements="1" conditionals="0" coveredconditionals="0" methods="1" coveredmethods="1"/>
        <line num="6" count="1" type="stmt"/>
      </file>
      <file name="App.js" path="/Users/m.jakic/udemy/react-playground/src/App.js">
        <metrics statements="1" coveredstatements="1" conditionals="0" coveredconditionals="0" methods="1" coveredmethods="1"/>
        <line num="7" count="1" type="stmt"/>
      </file>
      <file name="Login.js" path="/Users/m.jakic/udemy/react-playground/src/Login.js">
        <metrics statements="4" coveredstatements="3" conditionals="0" coveredconditionals="0" methods="3" coveredmethods="2"/>
        <line num="6" count="1" type="stmt"/>
        <line num="7" count="1" type="stmt"/>
        <line num="11" count="1" type="stmt"/>
        <line num="26" count="0" type="stmt"/>
      </file>
      <file name="Nav.js" path="/Users/m.jakic/udemy/react-playground/src/Nav.js">
        <metrics statements="1" coveredstatements="1" conditionals="0" coveredconditionals="0" methods="1" coveredmethods="1"/>
        <line num="7" count="2" type="stmt"/>
      </file>
      <file name="index.js" path="/Users/m.jakic/udemy/react-playground/src/index.js">
        <metrics statements="1" coveredstatements="0" conditionals="0" coveredconditionals="0" methods="0" coveredmethods="0"/>
        <line num="1" count="0" type="stmt"/>
      </file>
    </metrics>
  </project>
</coverage>
