{"/Users/m.jakic/udemy/react-playground/src/About.js": {"path":"/Users/m.jakic/udemy/react-playground/src/About.js","statementMap":{"0":{"start":{"line":6,"column":4},"end":{"line":10,"column":6}}},"fnMap":{"0":{"name":"(anonymous_0)","decl":{"start":{"line":5,"column":2},"end":{"line":5,"column":3}},"loc":{"start":{"line":5,"column":11},"end":{"line":11,"column":3}}}},"branchMap":{},"s":{"0":1},"f":{"0":1},"b":{},"_coverageSchema":"332fd63041d2c1bcb487cc26dd0d5f7d97098a6c","hash":"597ad68e7268a160a6afb63b23c1f25553f013af"}
,"/Users/m.jakic/udemy/react-playground/src/App.js": {"path":"/Users/m.jakic/udemy/react-playground/src/App.js","statementMap":{"0":{"start":{"line":7,"column":4},"end":{"line":12,"column":6}}},"fnMap":{"0":{"name":"(anonymous_0)","decl":{"start":{"line":6,"column":2},"end":{"line":6,"column":3}},"loc":{"start":{"line":6,"column":11},"end":{"line":13,"column":3}}}},"branchMap":{},"s":{"0":1},"f":{"0":1},"b":{},"_coverageSchema":"332fd63041d2c1bcb487cc26dd0d5f7d97098a6c","hash":"e45c4b1a7f36005c15fd9c96d55819a12495dfba"}
,"/Users/m.jakic/udemy/react-playground/src/Login.js": {"path":"/Users/m.jakic/udemy/react-playground/src/Login.js","statementMap":{"0":{"start":{"line":6,"column":8},"end":{"line":6,"column":21}},"1":{"start":{"line":7,"column":8},"end":{"line":7,"column":57}},"2":{"start":{"line":11,"column":8},"end":{"line":22,"column":10}},"3":{"start":{"line":26,"column":8},"end":{"line":26,"column":27}}},"fnMap":{"0":{"name":"(anonymous_0)","decl":{"start":{"line":5,"column":4},"end":{"line":5,"column":5}},"loc":{"start":{"line":5,"column":23},"end":{"line":8,"column":5}}},"1":{"name":"(anonymous_1)","decl":{"start":{"line":10,"column":4},"end":{"line":10,"column":5}},"loc":{"start":{"line":10,"column":13},"end":{"line":23,"column":5}}},"2":{"name":"(anonymous_2)","decl":{"start":{"line":25,"column":4},"end":{"line":25,"column":5}},"loc":{"start":{"line":25,"column":20},"end":{"line":27,"column":5}}}},"branchMap":{},"s":{"0":1,"1":1,"2":1,"3":0},"f":{"0":1,"1":1,"2":0},"b":{},"_coverageSchema":"332fd63041d2c1bcb487cc26dd0d5f7d97098a6c","hash":"7d78de01dc519a7fcb444db1c37c7a9c69270593"}
,"/Users/m.jakic/udemy/react-playground/src/Nav.js": {"path":"/Users/m.jakic/udemy/react-playground/src/Nav.js","statementMap":{"0":{"start":{"line":7,"column":4},"end":{"line":12,"column":6}}},"fnMap":{"0":{"name":"(anonymous_0)","decl":{"start":{"line":6,"column":2},"end":{"line":6,"column":3}},"loc":{"start":{"line":6,"column":11},"end":{"line":13,"column":3}}}},"branchMap":{},"s":{"0":2},"f":{"0":2},"b":{},"_coverageSchema":"332fd63041d2c1bcb487cc26dd0d5f7d97098a6c","hash":"6c33b83f27eb3ac89711dd42a07e7c0a6a0c3347"}
,"/Users/m.jakic/udemy/react-playground/src/index.js": {"path":"/Users/m.jakic/udemy/react-playground/src/index.js","statementMap":{"0":{"start":{"line":1,"column":58},"end":{"line":1,"column":110}}},"fnMap":{},"branchMap":{},"s":{"0":0},"f":{},"b":{}}
}
